<?xml version="1.0" encoding="UTF-8"?>
<testng-results skipped="0" failed="0" ignored="0" total="1" passed="1">
  <reporter-output>
  </reporter-output>
  <suite name="Command line suite" duration-ms="47" started-at="2022-04-08T11:46:24 PDT" finished-at="2022-04-08T11:46:24 PDT">
    <groups>
    </groups>
    <test name="Command line test" duration-ms="47" started-at="2022-04-08T11:46:24 PDT" finished-at="2022-04-08T11:46:24 PDT">
      <class name="objects.Type$MyTestClass">
        <test-method status="PASS" signature="testMethod()[pri:0, instance:objects.Type$MyTestClass@396a51ab]" name="testMethod" duration-ms="4" started-at="2022-04-08T11:46:24 PDT" finished-at="2022-04-08T11:46:24 PDT">
          <reporter-output>
          </reporter-output>
        </test-method> <!-- testMethod -->
      </class> <!-- objects.Type$MyTestClass -->
    </test> <!-- Command line test -->
  </suite> <!-- Command line suite -->
</testng-results>
